<?xml version="1.0" encoding="UTF-8"?>
<testsuite name="com.insightfullogic.java8.answers.chapter3.StringExercisesTest" time="0" tests="5" errors="0" skipped="0" failures="0">
  <properties>
[...]
</properties>
  <testcase name="noStringReturnedForEmptyList" classname="com.insightfullogic.java8.answers.chapter3.StringExercisesTest" time="0"/>
  <testcase name="noLowercaseLettersInAnEmptyString" classname="com.insightfullogic.java8.answers.chapter3.StringExercisesTest" time="0"/>
  <testcase name="findsMostLowercaseString" classname="com.insightfullogic.java8.answers.chapter3.StringExercisesTest" time="0"/>
  <testcase name="countsLowercaseLetterExample" classname="com.insightfullogic.java8.answers.chapter3.StringExercisesTest" time="0"/>
  <testcase name="suppoertsNoLowercaseLetters" classname="com.insightfullogic.java8.answers.chapter3.StringExercisesTest" time="0"/>
</testsuite>